Analysis & Synthesis report for Digital_Clock
Tue Jun 14 16:48:30 2022
Quartus II 64-Bit Version 13.0.1 Build 232 06/12/2013 Service Pack 1 SJ Web Edition


---------------------
; Table of Contents ;
---------------------
  1. Legal Notice
  2. Analysis & Synthesis Summary
  3. Analysis & Synthesis Settings
  4. Parallel Compilation
  5. Analysis & Synthesis Source Files Read
  6. Analysis & Synthesis Resource Usage Summary
  7. Analysis & Synthesis Resource Utilization by Entity
  8. State Machine - |Digital_Clock|LCD_Default:lcd|LCD_TEST:u5|mLCD_ST
  9. State Machine - |Digital_Clock|LCD_Default:lcd|LCD_TEST:u5|LCD_Controller:u0|ST
 10. User-Specified and Inferred Latches
 11. Registers Removed During Synthesis
 12. General Register Statistics
 13. Multiplexer Restructuring Statistics (Restructuring Performed)
 14. Parameter Settings for User Entity Instance: LCD_Default:lcd|LCD_TEST:u5
 15. Parameter Settings for User Entity Instance: LCD_Default:lcd|LCD_TEST:u5|LCD_Controller:u0
 16. Port Connectivity Checks: "divider:d1"
 17. Elapsed Time Per Partition
 18. Analysis & Synthesis Messages



----------------
; Legal Notice ;
----------------
Copyright (C) 1991-2013 Altera Corporation
Your use of Altera Corporation's design tools, logic functions 
and other software and tools, and its AMPP partner logic 
functions, and any output files from any of the foregoing 
(including device programming or simulation files), and any 
associated documentation or information are expressly subject 
to the terms and conditions of the Altera Program License 
Subscription Agreement, Altera MegaCore Function License 
Agreement, or other applicable license agreement, including, 
without limitation, that your use is for the sole purpose of 
programming logic devices manufactured by Altera and sold by 
Altera or its authorized distributors.  Please refer to the 
applicable agreement for further details.



+--------------------------------------------------------------------------------------+
; Analysis & Synthesis Summary                                                         ;
+------------------------------------+-------------------------------------------------+
; Analysis & Synthesis Status        ; Successful - Tue Jun 14 16:48:30 2022           ;
; Quartus II 64-Bit Version          ; 13.0.1 Build 232 06/12/2013 SP 1 SJ Web Edition ;
; Revision Name                      ; Digital_Clock                                   ;
; Top-level Entity Name              ; Digital_Clock                                   ;
; Family                             ; Cyclone II                                      ;
; Total logic elements               ; 570                                             ;
;     Total combinational functions  ; 569                                             ;
;     Dedicated logic registers      ; 210                                             ;
; Total registers                    ; 210                                             ;
; Total pins                         ; 73                                              ;
; Total virtual pins                 ; 0                                               ;
; Total memory bits                  ; 0                                               ;
; Embedded Multiplier 9-bit elements ; 0                                               ;
; Total PLLs                         ; 0                                               ;
+------------------------------------+-------------------------------------------------+


+----------------------------------------------------------------------------------------------------------------------+
; Analysis & Synthesis Settings                                                                                        ;
+----------------------------------------------------------------------------+--------------------+--------------------+
; Option                                                                     ; Setting            ; Default Value      ;
+----------------------------------------------------------------------------+--------------------+--------------------+
; Device                                                                     ; EP2C35F672C6       ;                    ;
; Top-level entity name                                                      ; Digital_Clock      ; Digital_Clock      ;
; Family name                                                                ; Cyclone II         ; Cyclone IV GX      ;
; Use smart compilation                                                      ; Off                ; Off                ;
; Enable parallel Assembler and TimeQuest Timing Analyzer during compilation ; On                 ; On                 ;
; Enable compact report table                                                ; Off                ; Off                ;
; Restructure Multiplexers                                                   ; Auto               ; Auto               ;
; Create Debugging Nodes for IP Cores                                        ; Off                ; Off                ;
; Preserve fewer node names                                                  ; On                 ; On                 ;
; Disable OpenCore Plus hardware evaluation                                  ; Off                ; Off                ;
; Verilog Version                                                            ; Verilog_2001       ; Verilog_2001       ;
; VHDL Version                                                               ; VHDL_1993          ; VHDL_1993          ;
; State Machine Processing                                                   ; Auto               ; Auto               ;
; Safe State Machine                                                         ; Off                ; Off                ;
; Extract Verilog State Machines                                             ; On                 ; On                 ;
; Extract VHDL State Machines                                                ; On                 ; On                 ;
; Ignore Verilog initial constructs                                          ; Off                ; Off                ;
; Iteration limit for constant Verilog loops                                 ; 5000               ; 5000               ;
; Iteration limit for non-constant Verilog loops                             ; 250                ; 250                ;
; Add Pass-Through Logic to Inferred RAMs                                    ; On                 ; On                 ;
; Infer RAMs from Raw Logic                                                  ; On                 ; On                 ;
; Parallel Synthesis                                                         ; On                 ; On                 ;
; DSP Block Balancing                                                        ; Auto               ; Auto               ;
; NOT Gate Push-Back                                                         ; On                 ; On                 ;
; Power-Up Don't Care                                                        ; On                 ; On                 ;
; Remove Redundant Logic Cells                                               ; Off                ; Off                ;
; Remove Duplicate Registers                                                 ; On                 ; On                 ;
; Ignore CARRY Buffers                                                       ; Off                ; Off                ;
; Ignore CASCADE Buffers                                                     ; Off                ; Off                ;
; Ignore GLOBAL Buffers                                                      ; Off                ; Off                ;
; Ignore ROW GLOBAL Buffers                                                  ; Off                ; Off                ;
; Ignore LCELL Buffers                                                       ; Off                ; Off                ;
; Ignore SOFT Buffers                                                        ; On                 ; On                 ;
; Limit AHDL Integers to 32 Bits                                             ; Off                ; Off                ;
; Optimization Technique                                                     ; Balanced           ; Balanced           ;
; Carry Chain Length                                                         ; 70                 ; 70                 ;
; Auto Carry Chains                                                          ; On                 ; On                 ;
; Auto Open-Drain Pins                                                       ; On                 ; On                 ;
; Perform WYSIWYG Primitive Resynthesis                                      ; Off                ; Off                ;
; Auto ROM Replacement                                                       ; On                 ; On                 ;
; Auto RAM Replacement                                                       ; On                 ; On                 ;
; Auto Shift Register Replacement                                            ; Auto               ; Auto               ;
; Allow Shift Register Merging across Hierarchies                            ; Auto               ; Auto               ;
; Auto Clock Enable Replacement                                              ; On                 ; On                 ;
; Strict RAM Replacement                                                     ; Off                ; Off                ;
; Allow Synchronous Control Signals                                          ; On                 ; On                 ;
; Force Use of Synchronous Clear Signals                                     ; Off                ; Off                ;
; Auto RAM to Logic Cell Conversion                                          ; Off                ; Off                ;
; Auto Resource Sharing                                                      ; Off                ; Off                ;
; Allow Any RAM Size For Recognition                                         ; Off                ; Off                ;
; Allow Any ROM Size For Recognition                                         ; Off                ; Off                ;
; Allow Any Shift Register Size For Recognition                              ; Off                ; Off                ;
; Use LogicLock Constraints during Resource Balancing                        ; On                 ; On                 ;
; Ignore translate_off and synthesis_off directives                          ; Off                ; Off                ;
; Timing-Driven Synthesis                                                    ; Off                ; Off                ;
; Report Parameter Settings                                                  ; On                 ; On                 ;
; Report Source Assignments                                                  ; On                 ; On                 ;
; Report Connectivity Checks                                                 ; On                 ; On                 ;
; Ignore Maximum Fan-Out Assignments                                         ; Off                ; Off                ;
; Synchronization Register Chain Length                                      ; 2                  ; 2                  ;
; PowerPlay Power Optimization                                               ; Normal compilation ; Normal compilation ;
; HDL message level                                                          ; Level2             ; Level2             ;
; Suppress Register Optimization Related Messages                            ; Off                ; Off                ;
; Number of Removed Registers Reported in Synthesis Report                   ; 5000               ; 5000               ;
; Number of Swept Nodes Reported in Synthesis Report                         ; 5000               ; 5000               ;
; Number of Inverted Registers Reported in Synthesis Report                  ; 100                ; 100                ;
; Clock MUX Protection                                                       ; On                 ; On                 ;
; Auto Gated Clock Conversion                                                ; Off                ; Off                ;
; Block Design Naming                                                        ; Auto               ; Auto               ;
; SDC constraint protection                                                  ; Off                ; Off                ;
; Synthesis Effort                                                           ; Auto               ; Auto               ;
; Shift Register Replacement - Allow Asynchronous Clear Signal               ; On                 ; On                 ;
; Pre-Mapping Resynthesis Optimization                                       ; Off                ; Off                ;
; Analysis & Synthesis Message Level                                         ; Medium             ; Medium             ;
; Disable Register Merging Across Hierarchies                                ; Auto               ; Auto               ;
; Resource Aware Inference For Block RAM                                     ; On                 ; On                 ;
; Synthesis Seed                                                             ; 1                  ; 1                  ;
+----------------------------------------------------------------------------+--------------------+--------------------+


+------------------------------------------+
; Parallel Compilation                     ;
+----------------------------+-------------+
; Processors                 ; Number      ;
+----------------------------+-------------+
; Number detected on machine ; 8           ;
; Maximum allowed            ; 4           ;
;                            ;             ;
; Average used               ; 1.00        ;
; Maximum used               ; 1           ;
;                            ;             ;
; Usage by Processor         ; % Time Used ;
;     Processor 1            ; 100.0%      ;
;     Processors 2-8         ;   0.0%      ;
+----------------------------+-------------+


+-----------------------------------------------------------------------------------------------------------------------------------------+
; Analysis & Synthesis Source Files Read                                                                                                  ;
+----------------------------------+-----------------+------------------------------+-------------------------------------------+---------+
; File Name with User-Entered Path ; Used in Netlist ; File Type                    ; File Name with Absolute Path              ; Library ;
+----------------------------------+-----------------+------------------------------+-------------------------------------------+---------+
; time_blk.v                       ; yes             ; User Verilog HDL File        ; C:/altera/Digital_Clock2/time_blk.v       ;         ;
; led_dec.v                        ; yes             ; User Verilog HDL File        ; C:/altera/Digital_Clock2/led_dec.v        ;         ;
; divider.v                        ; yes             ; User Verilog HDL File        ; C:/altera/Digital_Clock2/divider.v        ;         ;
; Digital_Clock.v                  ; yes             ; User Verilog HDL File        ; C:/altera/Digital_Clock2/Digital_Clock.v  ;         ;
; clock_div.v                      ; yes             ; User Verilog HDL File        ; C:/altera/Digital_Clock2/clock_div.v      ;         ;
; lcd_default.v                    ; yes             ; Auto-Found Verilog HDL File  ; C:/altera/Digital_Clock2/lcd_default.v    ;         ;
; reset_delay.v                    ; yes             ; Auto-Found Verilog HDL File  ; C:/altera/Digital_Clock2/reset_delay.v    ;         ;
; lcd_test.v                       ; yes             ; Auto-Found Verilog HDL File  ; C:/altera/Digital_Clock2/lcd_test.v       ;         ;
; lcd_controller.v                 ; yes             ; Auto-Found Verilog HDL File  ; C:/altera/Digital_Clock2/lcd_controller.v ;         ;
+----------------------------------+-----------------+------------------------------+-------------------------------------------+---------+


+-----------------------------------------------------------------------------------+
; Analysis & Synthesis Resource Usage Summary                                       ;
+---------------------------------------------+-------------------------------------+
; Resource                                    ; Usage                               ;
+---------------------------------------------+-------------------------------------+
; Estimated Total logic elements              ; 570                                 ;
;                                             ;                                     ;
; Total combinational functions               ; 569                                 ;
; Logic element usage by number of LUT inputs ;                                     ;
;     -- 4 input functions                    ; 257                                 ;
;     -- 3 input functions                    ; 87                                  ;
;     -- <=2 input functions                  ; 225                                 ;
;                                             ;                                     ;
; Logic elements by mode                      ;                                     ;
;     -- normal mode                          ; 399                                 ;
;     -- arithmetic mode                      ; 170                                 ;
;                                             ;                                     ;
; Total registers                             ; 210                                 ;
;     -- Dedicated logic registers            ; 210                                 ;
;     -- I/O registers                        ; 0                                   ;
;                                             ;                                     ;
; I/O pins                                    ; 73                                  ;
; Embedded Multiplier 9-bit elements          ; 0                                   ;
; Maximum fan-out node                        ; clock_div:clk_1M_generator|clk_out1 ;
; Maximum fan-out                             ; 165                                 ;
; Total fan-out                               ; 2447                                ;
; Average fan-out                             ; 2.87                                ;
+---------------------------------------------+-------------------------------------+


+---------------------------------------------------------------------------------------------------------------------------------------------------------------------------------------------------------------------------+
; Analysis & Synthesis Resource Utilization by Entity                                                                                                                                                                       ;
+---------------------------------+-------------------+--------------+-------------+--------------+---------+-----------+------+--------------+--------------------------------------------------------------+--------------+
; Compilation Hierarchy Node      ; LC Combinationals ; LC Registers ; Memory Bits ; DSP Elements ; DSP 9x9 ; DSP 18x18 ; Pins ; Virtual Pins ; Full Hierarchy Name                                          ; Library Name ;
+---------------------------------+-------------------+--------------+-------------+--------------+---------+-----------+------+--------------+--------------------------------------------------------------+--------------+
; |Digital_Clock                  ; 569 (51)          ; 210 (40)     ; 0           ; 0            ; 0       ; 0         ; 73   ; 0            ; |Digital_Clock                                               ; work         ;
;    |LCD_Default:lcd|            ; 185 (0)           ; 72 (0)       ; 0           ; 0            ; 0       ; 0         ; 0    ; 0            ; |Digital_Clock|LCD_Default:lcd                               ; work         ;
;       |LCD_TEST:u5|             ; 157 (136)         ; 51 (38)      ; 0           ; 0            ; 0       ; 0         ; 0    ; 0            ; |Digital_Clock|LCD_Default:lcd|LCD_TEST:u5                   ; work         ;
;          |LCD_Controller:u0|    ; 21 (21)           ; 13 (13)      ; 0           ; 0            ; 0       ; 0         ; 0    ; 0            ; |Digital_Clock|LCD_Default:lcd|LCD_TEST:u5|LCD_Controller:u0 ; work         ;
;       |Reset_Delay:r0|          ; 28 (28)           ; 21 (21)      ; 0           ; 0            ; 0       ; 0         ; 0    ; 0            ; |Digital_Clock|LCD_Default:lcd|Reset_Delay:r0                ; work         ;
;    |clock_div:clk_1M_generator| ; 12 (12)           ; 7 (7)        ; 0           ; 0            ; 0       ; 0         ; 0    ; 0            ; |Digital_Clock|clock_div:clk_1M_generator                    ; work         ;
;    |divider:d1|                 ; 6 (6)             ; 0 (0)        ; 0           ; 0            ; 0       ; 0         ; 0    ; 0            ; |Digital_Clock|divider:d1                                    ; work         ;
;    |divider:d2|                 ; 16 (16)           ; 0 (0)        ; 0           ; 0            ; 0       ; 0         ; 0    ; 0            ; |Digital_Clock|divider:d2                                    ; work         ;
;    |divider:d3|                 ; 16 (16)           ; 0 (0)        ; 0           ; 0            ; 0       ; 0         ; 0    ; 0            ; |Digital_Clock|divider:d3                                    ; work         ;
;    |led_dec:ldh1|               ; 2 (2)             ; 0 (0)        ; 0           ; 0            ; 0       ; 0         ; 0    ; 0            ; |Digital_Clock|led_dec:ldh1                                  ; work         ;
;    |led_dec:ldh2|               ; 9 (9)             ; 0 (0)        ; 0           ; 0            ; 0       ; 0         ; 0    ; 0            ; |Digital_Clock|led_dec:ldh2                                  ; work         ;
;    |led_dec:ldm1|               ; 9 (9)             ; 0 (0)        ; 0           ; 0            ; 0       ; 0         ; 0    ; 0            ; |Digital_Clock|led_dec:ldm1                                  ; work         ;
;    |led_dec:ldm2|               ; 9 (9)             ; 0 (0)        ; 0           ; 0            ; 0       ; 0         ; 0    ; 0            ; |Digital_Clock|led_dec:ldm2                                  ; work         ;
;    |led_dec:lds1|               ; 9 (9)             ; 0 (0)        ; 0           ; 0            ; 0       ; 0         ; 0    ; 0            ; |Digital_Clock|led_dec:lds1                                  ; work         ;
;    |led_dec:lds2|               ; 9 (9)             ; 0 (0)        ; 0           ; 0            ; 0       ; 0         ; 0    ; 0            ; |Digital_Clock|led_dec:lds2                                  ; work         ;
;    |time_blk:time_generator|    ; 236 (236)         ; 91 (91)      ; 0           ; 0            ; 0       ; 0         ; 0    ; 0            ; |Digital_Clock|time_blk:time_generator                       ; work         ;
+---------------------------------+-------------------+--------------+-------------+--------------+---------+-----------+------+--------------+--------------------------------------------------------------+--------------+
Note: For table entries with two numbers listed, the numbers in parentheses indicate the number of resources of the given type used by the specific entity alone. The numbers listed outside of parentheses indicate the total resources of the given type used by the specific entity and all of its sub-entities in the hierarchy.


Encoding Type:  One-Hot
+------------------------------------------------------------------------------------+
; State Machine - |Digital_Clock|LCD_Default:lcd|LCD_TEST:u5|mLCD_ST                 ;
+----------------+----------------+----------------+----------------+----------------+
; Name           ; mLCD_ST.000011 ; mLCD_ST.000010 ; mLCD_ST.000001 ; mLCD_ST.000000 ;
+----------------+----------------+----------------+----------------+----------------+
; mLCD_ST.000000 ; 0              ; 0              ; 0              ; 0              ;
; mLCD_ST.000001 ; 0              ; 0              ; 1              ; 1              ;
; mLCD_ST.000010 ; 0              ; 1              ; 0              ; 1              ;
; mLCD_ST.000011 ; 1              ; 0              ; 0              ; 1              ;
+----------------+----------------+----------------+----------------+----------------+


Encoding Type:  One-Hot
+---------------------------------------------------------------------------------+
; State Machine - |Digital_Clock|LCD_Default:lcd|LCD_TEST:u5|LCD_Controller:u0|ST ;
+-------+-------+-------+-------+-------------------------------------------------+
; Name  ; ST.11 ; ST.10 ; ST.01 ; ST.00                                           ;
+-------+-------+-------+-------+-------------------------------------------------+
; ST.00 ; 0     ; 0     ; 0     ; 0                                               ;
; ST.01 ; 0     ; 0     ; 1     ; 1                                               ;
; ST.10 ; 0     ; 1     ; 0     ; 1                                               ;
; ST.11 ; 1     ; 0     ; 0     ; 1                                               ;
+-------+-------+-------+-------+-------------------------------------------------+


+---------------------------------------------------------------------------------------------------------------+
; User-Specified and Inferred Latches                                                                           ;
+----------------------------------------------------+---------------------------------+------------------------+
; Latch Name                                         ; Latch Enable Signal             ; Free of Timing Hazards ;
+----------------------------------------------------+---------------------------------+------------------------+
; time_blk:time_generator|dec_hur                    ; mode[1]~reg0                    ; yes                    ;
; time_blk:time_generator|inc_hur                    ; mode[1]~reg0                    ; yes                    ;
; time_blk:time_generator|inc_min                    ; mode[0]~reg0                    ; yes                    ;
; time_blk:time_generator|dec_min                    ; mode[0]~reg0                    ; yes                    ;
; time_blk:time_generator|inc_sec                    ; time_blk:time_generator|inc_sec ; yes                    ;
; time_blk:time_generator|dec_sec                    ; time_blk:time_generator|inc_sec ; yes                    ;
; Number of user-specified and inferred latches = 6  ;                                 ;                        ;
+----------------------------------------------------+---------------------------------+------------------------+
Note: All latches listed above may not be present at the end of synthesis due to various synthesis optimizations.


+-------------------------------------------------------------------------+
; Registers Removed During Synthesis                                      ;
+----------------------------------------------------+--------------------+
; Register name                                      ; Reason for Removal ;
+----------------------------------------------------+--------------------+
; LCD_Default:lcd|LCD_TEST:u5|mLCD_ST~8              ; Lost fanout        ;
; LCD_Default:lcd|LCD_TEST:u5|mLCD_ST~9              ; Lost fanout        ;
; LCD_Default:lcd|LCD_TEST:u5|mLCD_ST~10             ; Lost fanout        ;
; LCD_Default:lcd|LCD_TEST:u5|mLCD_ST~11             ; Lost fanout        ;
; LCD_Default:lcd|LCD_TEST:u5|mLCD_ST~12             ; Lost fanout        ;
; LCD_Default:lcd|LCD_TEST:u5|mLCD_ST~13             ; Lost fanout        ;
; LCD_Default:lcd|LCD_TEST:u5|LCD_Controller:u0|ST~8 ; Lost fanout        ;
; LCD_Default:lcd|LCD_TEST:u5|LCD_Controller:u0|ST~9 ; Lost fanout        ;
; Total Number of Removed Registers = 8              ;                    ;
+----------------------------------------------------+--------------------+


+------------------------------------------------------+
; General Register Statistics                          ;
+----------------------------------------------+-------+
; Statistic                                    ; Value ;
+----------------------------------------------+-------+
; Total registers                              ; 210   ;
; Number of registers using Synchronous Clear  ; 73    ;
; Number of registers using Synchronous Load   ; 4     ;
; Number of registers using Asynchronous Clear ; 51    ;
; Number of registers using Asynchronous Load  ; 0     ;
; Number of registers using Clock Enable       ; 127   ;
; Number of registers using Preset             ; 0     ;
+----------------------------------------------+-------+


+----------------------------------------------------------------------------------------------------------------------------------------------------------------------------------+
; Multiplexer Restructuring Statistics (Restructuring Performed)                                                                                                                   ;
+--------------------+-----------+---------------+----------------------+------------------------+------------+--------------------------------------------------------------------+
; Multiplexer Inputs ; Bus Width ; Baseline Area ; Area if Restructured ; Saving if Restructured ; Registered ; Example Multiplexer Output                                         ;
+--------------------+-----------+---------------+----------------------+------------------------+------------+--------------------------------------------------------------------+
; 3:1                ; 6 bits    ; 12 LEs        ; 6 LEs                ; 6 LEs                  ; Yes        ; |Digital_Clock|LCD_Default:lcd|LCD_TEST:u5|LUT_INDEX[4]            ;
; 3:1                ; 20 bits   ; 40 LEs        ; 20 LEs               ; 20 LEs                 ; Yes        ; |Digital_Clock|time_blk:time_generator|v1_secc[7]                  ;
; 3:1                ; 2 bits    ; 4 LEs         ; 2 LEs                ; 2 LEs                  ; Yes        ; |Digital_Clock|LCD_Default:lcd|LCD_TEST:u5|LCD_Controller:u0|oDone ;
; 3:1                ; 2 bits    ; 4 LEs         ; 4 LEs                ; 0 LEs                  ; Yes        ; |Digital_Clock|mode[1]~reg0                                        ;
; 6:1                ; 3 bits    ; 12 LEs        ; 6 LEs                ; 6 LEs                  ; Yes        ; |Digital_Clock|time_blk:time_generator|hour[2]                     ;
; 5:1                ; 6 bits    ; 18 LEs        ; 18 LEs               ; 0 LEs                  ; Yes        ; |Digital_Clock|LCD_Default:lcd|LCD_TEST:u5|mLCD_DATA[3]            ;
; 5:1                ; 6 bits    ; 18 LEs        ; 6 LEs                ; 12 LEs                 ; Yes        ; |Digital_Clock|time_blk:time_generator|v1_sec[5]                   ;
; 6:1                ; 5 bits    ; 20 LEs        ; 5 LEs                ; 15 LEs                 ; Yes        ; |Digital_Clock|time_blk:time_generator|v1_hur[1]                   ;
; 6:1                ; 6 bits    ; 24 LEs        ; 6 LEs                ; 18 LEs                 ; Yes        ; |Digital_Clock|time_blk:time_generator|v1_min[0]                   ;
; 8:1                ; 5 bits    ; 25 LEs        ; 10 LEs               ; 15 LEs                 ; Yes        ; |Digital_Clock|time_blk:time_generator|v_sec[4]                    ;
; 11:1               ; 5 bits    ; 35 LEs        ; 10 LEs               ; 25 LEs                 ; Yes        ; |Digital_Clock|time_blk:time_generator|v_hur[1]                    ;
; 11:1               ; 6 bits    ; 42 LEs        ; 12 LEs               ; 30 LEs                 ; Yes        ; |Digital_Clock|time_blk:time_generator|v_min[2]                    ;
; 6:1                ; 2 bits    ; 8 LEs         ; 8 LEs                ; 0 LEs                  ; No         ; |Digital_Clock|divider:d2|div1_ten[0]                              ;
; 6:1                ; 2 bits    ; 8 LEs         ; 8 LEs                ; 0 LEs                  ; No         ; |Digital_Clock|divider:d3|div1_ten[0]                              ;
; 7:1                ; 2 bits    ; 8 LEs         ; 6 LEs                ; 2 LEs                  ; No         ; |Digital_Clock|LCD_Default:lcd|LCD_TEST:u5|mLCD_ST                 ;
+--------------------+-----------+---------------+----------------------+------------------------+------------+--------------------------------------------------------------------+


+--------------------------------------------------------------------------+
; Parameter Settings for User Entity Instance: LCD_Default:lcd|LCD_TEST:u5 ;
+----------------+-------+-------------------------------------------------+
; Parameter Name ; Value ; Type                                            ;
+----------------+-------+-------------------------------------------------+
; LCD_INTIAL     ; 0     ; Signed Integer                                  ;
; LCD_LINE1      ; 5     ; Signed Integer                                  ;
; LCD_CH_LINE    ; 21    ; Signed Integer                                  ;
; LCD_LINE2      ; 22    ; Signed Integer                                  ;
; LUT_SIZE       ; 38    ; Signed Integer                                  ;
+----------------+-------+-------------------------------------------------+
Note: In order to hide this table in the UI and the text report file, please set the "Show Parameter Settings in Synthesis Report" option in "Analysis and Synthesis Settings -> More Settings" to "Off".


+--------------------------------------------------------------------------------------------+
; Parameter Settings for User Entity Instance: LCD_Default:lcd|LCD_TEST:u5|LCD_Controller:u0 ;
+----------------+-------+-------------------------------------------------------------------+
; Parameter Name ; Value ; Type                                                              ;
+----------------+-------+-------------------------------------------------------------------+
; CLK_Divide     ; 16    ; Signed Integer                                                    ;
+----------------+-------+-------------------------------------------------------------------+
Note: In order to hide this table in the UI and the text report file, please set the "Show Parameter Settings in Synthesis Report" option in "Analysis and Synthesis Settings -> More Settings" to "Off".


+------------------------------------------------------------------------------------------------------------------------------------------------------------------------------+
; Port Connectivity Checks: "divider:d1"                                                                                                                                       ;
+---------+-------+----------+-------------------------------------------------------------------------------------------------------------------------------------------------+
; Port    ; Type  ; Severity ; Details                                                                                                                                         ;
+---------+-------+----------+-------------------------------------------------------------------------------------------------------------------------------------------------+
; div1_in ; Input ; Warning  ; Input port expression (5 bits) is smaller than the input port (6 bits) it drives.  Extra input bit(s) "div1_in[5..5]" will be connected to GND. ;
+---------+-------+----------+-------------------------------------------------------------------------------------------------------------------------------------------------+


+-------------------------------+
; Elapsed Time Per Partition    ;
+----------------+--------------+
; Partition Name ; Elapsed Time ;
+----------------+--------------+
; Top            ; 00:00:01     ;
+----------------+--------------+


+-------------------------------+
; Analysis & Synthesis Messages ;
+-------------------------------+
Info: *******************************************************************
Info: Running Quartus II 64-Bit Analysis & Synthesis
    Info: Version 13.0.1 Build 232 06/12/2013 Service Pack 1 SJ Web Edition
    Info: Processing started: Tue Jun 14 16:48:28 2022
Info: Command: quartus_map --read_settings_files=on --write_settings_files=off Digital_Clock -c Digital_Clock
Info (11104): Parallel Compilation has detected 8 hyper-threaded processors. However, the extra hyper-threaded processors will not be used by default. Parallel Compilation will use 4 of the 4 physical processors detected instead.
Info (12021): Found 1 design units, including 1 entities, in source file time_blk.v
    Info (12023): Found entity 1: time_blk
Info (12021): Found 1 design units, including 1 entities, in source file led_dec.v
    Info (12023): Found entity 1: led_dec
Info (12021): Found 1 design units, including 1 entities, in source file divider.v
    Info (12023): Found entity 1: divider
Info (12021): Found 1 design units, including 1 entities, in source file digital_clock.v
    Info (12023): Found entity 1: Digital_Clock
Info (12021): Found 1 design units, including 1 entities, in source file clock_div.v
    Info (12023): Found entity 1: clock_div
Warning (12019): Can't analyze file -- file timer.v is missing
Warning (10227): Verilog HDL Port Declaration warning at Digital_Clock.v(84): data type declaration for "hled_out1" declares packed dimensions but the port declaration declaration does not
Info (10499): HDL info at Digital_Clock.v(15): see declaration for object "hled_out1"
Warning (10227): Verilog HDL Port Declaration warning at Digital_Clock.v(85): data type declaration for "hled_out2" declares packed dimensions but the port declaration declaration does not
Info (10499): HDL info at Digital_Clock.v(15): see declaration for object "hled_out2"
Warning (10227): Verilog HDL Port Declaration warning at Digital_Clock.v(86): data type declaration for "mled_out1" declares packed dimensions but the port declaration declaration does not
Info (10499): HDL info at Digital_Clock.v(15): see declaration for object "mled_out1"
Warning (10227): Verilog HDL Port Declaration warning at Digital_Clock.v(87): data type declaration for "mled_out2" declares packed dimensions but the port declaration declaration does not
Info (10499): HDL info at Digital_Clock.v(15): see declaration for object "mled_out2"
Warning (10227): Verilog HDL Port Declaration warning at Digital_Clock.v(88): data type declaration for "sled_out1" declares packed dimensions but the port declaration declaration does not
Info (10499): HDL info at Digital_Clock.v(15): see declaration for object "sled_out1"
Warning (10227): Verilog HDL Port Declaration warning at Digital_Clock.v(89): data type declaration for "sled_out2" declares packed dimensions but the port declaration declaration does not
Info (10499): HDL info at Digital_Clock.v(15): see declaration for object "sled_out2"
Info (12127): Elaborating entity "Digital_Clock" for the top level hierarchy
Warning (10230): Verilog HDL assignment warning at Digital_Clock.v(50): truncated value with size 32 to match size of target (18)
Warning (10230): Verilog HDL assignment warning at Digital_Clock.v(55): truncated value with size 32 to match size of target (18)
Info (12128): Elaborating entity "clock_div" for hierarchy "clock_div:clk_1M_generator"
Info (12128): Elaborating entity "time_blk" for hierarchy "time_blk:time_generator"
Warning (10240): Verilog HDL Always Construct warning at time_blk.v(33): inferring latch(es) for variable "inc_hur", which holds its previous value in one or more paths through the always construct
Warning (10240): Verilog HDL Always Construct warning at time_blk.v(33): inferring latch(es) for variable "inc_min", which holds its previous value in one or more paths through the always construct
Warning (10240): Verilog HDL Always Construct warning at time_blk.v(33): inferring latch(es) for variable "inc_sec", which holds its previous value in one or more paths through the always construct
Warning (10240): Verilog HDL Always Construct warning at time_blk.v(33): inferring latch(es) for variable "dec_hur", which holds its previous value in one or more paths through the always construct
Warning (10240): Verilog HDL Always Construct warning at time_blk.v(33): inferring latch(es) for variable "dec_min", which holds its previous value in one or more paths through the always construct
Warning (10240): Verilog HDL Always Construct warning at time_blk.v(33): inferring latch(es) for variable "dec_sec", which holds its previous value in one or more paths through the always construct
Warning (10230): Verilog HDL assignment warning at time_blk.v(85): truncated value with size 32 to match size of target (20)
Warning (10230): Verilog HDL assignment warning at time_blk.v(89): truncated value with size 32 to match size of target (6)
Warning (10230): Verilog HDL assignment warning at time_blk.v(92): truncated value with size 32 to match size of target (6)
Warning (10230): Verilog HDL assignment warning at time_blk.v(97): truncated value with size 32 to match size of target (5)
Warning (10230): Verilog HDL assignment warning at time_blk.v(120): truncated value with size 32 to match size of target (20)
Warning (10230): Verilog HDL assignment warning at time_blk.v(122): truncated value with size 32 to match size of target (6)
Warning (10230): Verilog HDL assignment warning at time_blk.v(125): truncated value with size 32 to match size of target (6)
Warning (10230): Verilog HDL assignment warning at time_blk.v(130): truncated value with size 32 to match size of target (5)
Warning (10230): Verilog HDL assignment warning at time_blk.v(153): truncated value with size 32 to match size of target (6)
Warning (10230): Verilog HDL assignment warning at time_blk.v(156): truncated value with size 32 to match size of target (6)
Warning (10230): Verilog HDL assignment warning at time_blk.v(162): truncated value with size 32 to match size of target (5)
Warning (10230): Verilog HDL assignment warning at time_blk.v(165): truncated value with size 32 to match size of target (6)
Warning (10230): Verilog HDL assignment warning at time_blk.v(172): truncated value with size 32 to match size of target (5)
Warning (10230): Verilog HDL assignment warning at time_blk.v(181): truncated value with size 32 to match size of target (6)
Warning (10230): Verilog HDL assignment warning at time_blk.v(188): truncated value with size 32 to match size of target (6)
Warning (10230): Verilog HDL assignment warning at time_blk.v(195): truncated value with size 32 to match size of target (5)
Warning (10230): Verilog HDL assignment warning at time_blk.v(202): truncated value with size 32 to match size of target (5)
Warning (10230): Verilog HDL assignment warning at time_blk.v(216): truncated value with size 32 to match size of target (5)
Warning (10230): Verilog HDL assignment warning at time_blk.v(230): truncated value with size 32 to match size of target (5)
Warning (10230): Verilog HDL assignment warning at time_blk.v(244): truncated value with size 32 to match size of target (5)
Info (10041): Inferred latch for "dec_sec" at time_blk.v(33)
Info (10041): Inferred latch for "dec_min" at time_blk.v(33)
Info (10041): Inferred latch for "dec_hur" at time_blk.v(33)
Info (10041): Inferred latch for "inc_sec" at time_blk.v(33)
Info (10041): Inferred latch for "inc_min" at time_blk.v(33)
Info (10041): Inferred latch for "inc_hur" at time_blk.v(33)
Warning (12125): Using design file lcd_default.v, which is not specified as a design file for the current project, but contains definitions for 1 design units and 1 entities in project
    Info (12023): Found entity 1: LCD_Default
Info (12128): Elaborating entity "LCD_Default" for hierarchy "LCD_Default:lcd"
Warning (12125): Using design file reset_delay.v, which is not specified as a design file for the current project, but contains definitions for 1 design units and 1 entities in project
    Info (12023): Found entity 1: Reset_Delay
Info (12128): Elaborating entity "Reset_Delay" for hierarchy "LCD_Default:lcd|Reset_Delay:r0"
Warning (10230): Verilog HDL assignment warning at reset_delay.v(10): truncated value with size 32 to match size of target (20)
Warning (12125): Using design file lcd_test.v, which is not specified as a design file for the current project, but contains definitions for 1 design units and 1 entities in project
    Info (12023): Found entity 1: LCD_TEST
Info (12128): Elaborating entity "LCD_TEST" for hierarchy "LCD_Default:lcd|LCD_TEST:u5"
Warning (10230): Verilog HDL assignment warning at lcd_test.v(65): truncated value with size 32 to match size of target (18)
Warning (10230): Verilog HDL assignment warning at lcd_test.v(73): truncated value with size 32 to match size of target (6)
Warning (12125): Using design file lcd_controller.v, which is not specified as a design file for the current project, but contains definitions for 1 design units and 1 entities in project
    Info (12023): Found entity 1: LCD_Controller
Info (12128): Elaborating entity "LCD_Controller" for hierarchy "LCD_Default:lcd|LCD_TEST:u5|LCD_Controller:u0"
Warning (10230): Verilog HDL assignment warning at lcd_controller.v(66): truncated value with size 32 to match size of target (5)
Info (12128): Elaborating entity "divider" for hierarchy "divider:d1"
Warning (10230): Verilog HDL assignment warning at divider.v(12): truncated value with size 6 to match size of target (4)
Warning (10230): Verilog HDL assignment warning at divider.v(15): truncated value with size 32 to match size of target (4)
Warning (10230): Verilog HDL assignment warning at divider.v(18): truncated value with size 32 to match size of target (4)
Warning (10230): Verilog HDL assignment warning at divider.v(21): truncated value with size 32 to match size of target (4)
Warning (10230): Verilog HDL assignment warning at divider.v(24): truncated value with size 32 to match size of target (4)
Warning (10230): Verilog HDL assignment warning at divider.v(27): truncated value with size 32 to match size of target (4)
Info (12128): Elaborating entity "led_dec" for hierarchy "led_dec:ldh1"
Warning (12241): 1 hierarchies have connectivity warnings - see the Connectivity Checks report folder
Warning (13012): Latch time_blk:time_generator|dec_hur has unsafe behavior
    Warning (13013): Ports ENA and PRE on the latch are fed by the same signal mode[1]~reg0
Warning (13012): Latch time_blk:time_generator|inc_hur has unsafe behavior
    Warning (13013): Ports ENA and PRE on the latch are fed by the same signal mode[1]~reg0
Warning (13012): Latch time_blk:time_generator|inc_sec has unsafe behavior
    Warning (13013): Ports D and ENA on the latch are fed by the same signal mode[0]~reg0
Warning (13012): Latch time_blk:time_generator|dec_sec has unsafe behavior
    Warning (13013): Ports D and ENA on the latch are fed by the same signal mode[0]~reg0
Warning (13024): Output pins are stuck at VCC or GND
    Warning (13410): Pin "hled_out1[1]" is stuck at GND
    Warning (13410): Pin "LCD_ON" is stuck at VCC
    Warning (13410): Pin "LCD_BLON" is stuck at VCC
    Warning (13410): Pin "LCD_RW" is stuck at GND
Info (17049): 8 registers lost all their fanouts during netlist optimizations.
Info (16010): Generating hard_block partition "hard_block:auto_generated_inst"
    Info (16011): Adding 0 node(s), including 0 DDIO, 0 PLL, 0 transceiver and 0 LCELL
Warning (21074): Design contains 2 input pin(s) that do not drive logic
    Warning (15610): No output dependent on input pin "timer"
    Warning (15610): No output dependent on input pin "hold1"
Info (21057): Implemented 644 device resources after synthesis - the final resource count might be different
    Info (21058): Implemented 14 input pins
    Info (21059): Implemented 59 output pins
    Info (21061): Implemented 571 logic cells
Info: Quartus II 64-Bit Analysis & Synthesis was successful. 0 errors, 66 warnings
    Info: Peak virtual memory: 4608 megabytes
    Info: Processing ended: Tue Jun 14 16:48:30 2022
    Info: Elapsed time: 00:00:02
    Info: Total CPU time (on all processors): 00:00:02


